Started GET "/" for 127.0.0.1 at 2018-09-02 16:09:56 -0700
  [1m[35m (3.7ms)[0m  [1m[35mSET NAMES utf8,  @@SESSION.sql_mode = CONCAT(CONCAT(@@sql_mode, ',STRICT_ALL_TABLES'), ',NO_AUTO_VALUE_ON_ZERO'),  @@SESSION.sql_auto_is_null = 0, @@SESSION.wait_timeout = 2147483[0m
  ↳ vendor/bundle/gems/activerecord-5.2.1/lib/active_record/log_subscriber.rb:98
Processing by Rails::WelcomeController#index as HTML
  Rendering vendor/bundle/gems/railties-5.2.1/lib/rails/templates/rails/welcome/index.html.erb
  Rendered vendor/bundle/gems/railties-5.2.1/lib/rails/templates/rails/welcome/index.html.erb (14.5ms)
Completed 200 OK in 45ms (Views: 30.3ms | ActiveRecord: 0.0ms)


  [1m[35m (0.3ms)[0m  [1m[35mSET NAMES utf8,  @@SESSION.sql_mode = CONCAT(CONCAT(@@sql_mode, ',STRICT_ALL_TABLES'), ',NO_AUTO_VALUE_ON_ZERO'),  @@SESSION.sql_auto_is_null = 0, @@SESSION.wait_timeout = 2147483[0m
  ↳ /Users/rad37458/.rvm/gems/ruby-2.3.0/gems/rake-12.3.1/lib/rake/application.rb:83
  [1m[35m (0.2ms)[0m  [1m[34mSELECT GET_LOCK('4124347977221661525', 0)[0m
  ↳ /Users/rad37458/.rvm/gems/ruby-2.3.0/gems/rake-12.3.1/lib/rake/application.rb:83
  [1m[35m (0.3ms)[0m  [1m[34mSELECT `schema_migrations`.`version` FROM `schema_migrations` ORDER BY `schema_migrations`.`version` ASC[0m
  ↳ /Users/rad37458/.rvm/gems/ruby-2.3.0/gems/rake-12.3.1/lib/rake/application.rb:83
  [1m[36mActiveRecord::InternalMetadata Load (0.3ms)[0m  [1m[34mSELECT  `ar_internal_metadata`.* FROM `ar_internal_metadata` WHERE `ar_internal_metadata`.`key` = 'environment' LIMIT 1[0m
  ↳ /Users/rad37458/.rvm/gems/ruby-2.3.0/gems/rake-12.3.1/lib/rake/application.rb:83
  [1m[35m (0.2ms)[0m  [1m[35mBEGIN[0m
  ↳ /Users/rad37458/.rvm/gems/ruby-2.3.0/gems/rake-12.3.1/lib/rake/application.rb:83
  [1m[35m (0.2ms)[0m  [1m[35mCOMMIT[0m
  ↳ /Users/rad37458/.rvm/gems/ruby-2.3.0/gems/rake-12.3.1/lib/rake/application.rb:83
  [1m[35m (0.2ms)[0m  [1m[34mSELECT RELEASE_LOCK('4124347977221661525')[0m
  ↳ /Users/rad37458/.rvm/gems/ruby-2.3.0/gems/rake-12.3.1/lib/rake/application.rb:83
  [1m[35m (0.2ms)[0m  [1m[34mSELECT `schema_migrations`.`version` FROM `schema_migrations` ORDER BY `schema_migrations`.`version` ASC[0m
  ↳ /Users/rad37458/.rvm/gems/ruby-2.3.0/gems/rake-12.3.1/lib/rake/application.rb:83
  [1m[35m (12.6ms)[0m  [1m[35mSET NAMES utf8,  @@SESSION.sql_mode = CONCAT(CONCAT(@@sql_mode, ',STRICT_ALL_TABLES'), ',NO_AUTO_VALUE_ON_ZERO'),  @@SESSION.sql_auto_is_null = 0, @@SESSION.wait_timeout = 2147483[0m
  ↳ vendor/bundle/bin/rake:23
  [1m[35m (0.1ms)[0m  [1m[34mSELECT GET_LOCK('4124347977221661525', 0)[0m
  ↳ vendor/bundle/bin/rake:23
  [1m[35m (0.2ms)[0m  [1m[34mSELECT `schema_migrations`.`version` FROM `schema_migrations` ORDER BY `schema_migrations`.`version` ASC[0m
  ↳ vendor/bundle/bin/rake:23
  [1m[36mActiveRecord::InternalMetadata Load (0.2ms)[0m  [1m[34mSELECT  `ar_internal_metadata`.* FROM `ar_internal_metadata` WHERE `ar_internal_metadata`.`key` = 'environment' LIMIT 1[0m
  ↳ vendor/bundle/bin/rake:23
  [1m[35m (0.1ms)[0m  [1m[35mBEGIN[0m
  ↳ vendor/bundle/bin/rake:23
  [1m[35m (0.1ms)[0m  [1m[35mCOMMIT[0m
  ↳ vendor/bundle/bin/rake:23
  [1m[35m (0.1ms)[0m  [1m[34mSELECT RELEASE_LOCK('4124347977221661525')[0m
  ↳ vendor/bundle/bin/rake:23
  [1m[35m (0.1ms)[0m  [1m[34mSELECT `schema_migrations`.`version` FROM `schema_migrations` ORDER BY `schema_migrations`.`version` ASC[0m
  ↳ vendor/bundle/bin/rake:23
  [1m[35m (21.6ms)[0m  [1m[35mSET NAMES utf8,  @@SESSION.sql_mode = CONCAT(CONCAT(@@sql_mode, ',STRICT_ALL_TABLES'), ',NO_AUTO_VALUE_ON_ZERO'),  @@SESSION.sql_auto_is_null = 0, @@SESSION.wait_timeout = 2147483[0m
  ↳ vendor/bundle/bin/rake:23
  [1m[35m (10.9ms)[0m  [1m[35mCREATE TABLE `schema_migrations` (`version` varchar(255) NOT NULL PRIMARY KEY)[0m
  ↳ vendor/bundle/bin/rake:23
  [1m[35m (12.4ms)[0m  [1m[35mCREATE TABLE `ar_internal_metadata` (`key` varchar(255) NOT NULL PRIMARY KEY, `value` varchar(255), `created_at` datetime NOT NULL, `updated_at` datetime NOT NULL)[0m
  ↳ vendor/bundle/bin/rake:23
  [1m[35m (0.1ms)[0m  [1m[34mSELECT GET_LOCK('4124347977221661525', 0)[0m
  ↳ vendor/bundle/bin/rake:23
  [1m[35m (0.1ms)[0m  [1m[34mSELECT `schema_migrations`.`version` FROM `schema_migrations` ORDER BY `schema_migrations`.`version` ASC[0m
  ↳ vendor/bundle/bin/rake:23
Migrating to CreateUsers (20180904071636)
  [1m[35m (11.2ms)[0m  [1m[35mCREATE TABLE `users` (`id` bigint NOT NULL AUTO_INCREMENT PRIMARY KEY, `name` varchar(255) NOT NULL, `uid` varchar(255), `status` int DEFAULT 1 NOT NULL, `profile_content` text, `email` varchar(255) NOT NULL, `password_digest` varchar(255) NOT NULL, `birthday` varchar(255), `created_at` datetime NOT NULL, `updated_at` datetime NOT NULL)[0m
  ↳ db/migrate/20180904071636_create_users.rb:3
  [1m[35m (0.1ms)[0m  [1m[35mBEGIN[0m
  ↳ vendor/bundle/bin/rake:23
  [1m[36mActiveRecord::SchemaMigration Create (0.3ms)[0m  [1m[32mINSERT INTO `schema_migrations` (`version`) VALUES ('20180904071636')[0m
  ↳ vendor/bundle/bin/rake:23
  [1m[35m (0.3ms)[0m  [1m[35mCOMMIT[0m
  ↳ vendor/bundle/bin/rake:23
  [1m[36mActiveRecord::InternalMetadata Load (0.3ms)[0m  [1m[34mSELECT  `ar_internal_metadata`.* FROM `ar_internal_metadata` WHERE `ar_internal_metadata`.`key` = 'environment' LIMIT 1[0m
  ↳ vendor/bundle/bin/rake:23
  [1m[35m (0.3ms)[0m  [1m[35mBEGIN[0m
  ↳ vendor/bundle/bin/rake:23
  [1m[36mActiveRecord::InternalMetadata Create (1.3ms)[0m  [1m[32mINSERT INTO `ar_internal_metadata` (`key`, `value`, `created_at`, `updated_at`) VALUES ('environment', 'development', '2018-09-04 07:23:39', '2018-09-04 07:23:39')[0m
  ↳ vendor/bundle/bin/rake:23
  [1m[35m (0.4ms)[0m  [1m[35mCOMMIT[0m
  ↳ vendor/bundle/bin/rake:23
  [1m[35m (0.2ms)[0m  [1m[34mSELECT RELEASE_LOCK('4124347977221661525')[0m
  ↳ vendor/bundle/bin/rake:23
  [1m[35m (0.2ms)[0m  [1m[34mSELECT `schema_migrations`.`version` FROM `schema_migrations` ORDER BY `schema_migrations`.`version` ASC[0m
  ↳ vendor/bundle/bin/rake:23
